Using pre-set license
Built from '2020.3/staging' branch; Version is '2020.3.33f1 (915a7af8b0d5) revision 9525882'; Using compiler version '192528614'; Build Type 'Release'
OS: 'Windows 10  (10.0.19044) 64bit Core' Language: 'ru' Physical Memory: 32693 MB
BatchMode: 1, IsHumanControllingUs: 0, StartBugReporterOnCrash: 0, Is64bit: 1, IsPro: 0

COMMAND LINE ARGUMENTS:
C:\Program Files\Unity\Hub\Editor\2020.3.33f1\Editor\Unity.exe
-adb2
-batchMode
-noUpm
-name
AssetImportWorker0
-projectPath
C:/UnityProjects/Bubble_Shooter/Bubble Shooter
-logFile
Logs/AssetImportWorker0.log
-srvPort
54620
Successfully changed project path to: C:/UnityProjects/Bubble_Shooter/Bubble Shooter
C:/UnityProjects/Bubble_Shooter/Bubble Shooter
Using Asset Import Pipeline V2.
Refreshing native plugins compatible for Editor in 133.58 ms, found 3 plugins.
Preloading 0 native plugins for Editor in 0.00 ms.
Initialize engine version: 2020.3.33f1 (915a7af8b0d5)
[Subsystems] Discovering subsystems at path C:/Program Files/Unity/Hub/Editor/2020.3.33f1/Editor/Data/Resources/UnitySubsystems
[Subsystems] Discovering subsystems at path C:/UnityProjects/Bubble_Shooter/Bubble Shooter/Assets
GfxDevice: creating device client; threaded=0
Direct3D:
    Version:  Direct3D 11.0 [level 11.1]
    Renderer: NVIDIA GeForce RTX 3070 Ti (ID=0x2482)
    Vendor:   
    VRAM:     8041 MB
    Driver:   31.0.15.1748
Initialize mono
Mono path[0] = 'C:/Program Files/Unity/Hub/Editor/2020.3.33f1/Editor/Data/Managed'
Mono path[1] = 'C:/Program Files/Unity/Hub/Editor/2020.3.33f1/Editor/Data/MonoBleedingEdge/lib/mono/unityjit'
Mono config path = 'C:/Program Files/Unity/Hub/Editor/2020.3.33f1/Editor/Data/MonoBleedingEdge/etc'
Using monoOptions --debugger-agent=transport=dt_socket,embedding=1,server=y,suspend=n,address=127.0.0.1:56716
Begin MonoManager ReloadAssembly
Registering precompiled unity dll's ...
Register platform support module: C:/Program Files/Unity/Hub/Editor/2020.3.33f1/Editor/Data/PlaybackEngines/WindowsStandaloneSupport/UnityEditor.WindowsStandalone.Extensions.dll
Registered in 0.058213 seconds.
Native extension for WindowsStandalone target not found
Refreshing native plugins compatible for Editor in 45.78 ms, found 3 plugins.
Preloading 0 native plugins for Editor in 0.00 ms.
Mono: successfully reloaded assembly
- Completed reload, in  2.630 seconds
Domain Reload Profiling:
	ReloadAssembly (2630ms)
		BeginReloadAssembly (2094ms)
			ExecutionOrderSort (0ms)
			DisableScriptedObjects (0ms)
			BackupInstance (0ms)
			ReleaseScriptingObjects (0ms)
			CreateAndSetChildDomain (1ms)
		EndReloadAssembly (342ms)
			LoadAssemblies (2092ms)
			RebuildTransferFunctionScriptingTraits (0ms)
			SetupTypeCache (99ms)
			ReleaseScriptCaches (0ms)
			RebuildScriptCaches (23ms)
			SetupLoadedEditorAssemblies (149ms)
				LogAssemblyErrors (0ms)
				InitializePlatformSupportModulesInManaged (4ms)
				SetLoadedEditorAssemblies (0ms)
				RefreshPlugins (46ms)
				BeforeProcessingInitializeOnLoad (10ms)
				ProcessInitializeOnLoadAttributes (66ms)
				ProcessInitializeOnLoadMethodAttributes (23ms)
				AfterProcessingInitializeOnLoad (0ms)
				EditorAssembliesLoaded (0ms)
			ExecutionOrderSort2 (0ms)
			AwakeInstancesAfterBackupRestoration (0ms)
Platform modules already initialized, skipping
Registering precompiled user dll's ...
Registered in 0.005401 seconds.
Begin MonoManager ReloadAssembly
Symbol file LoadedFromMemory doesn't match image C:\UnityProjects\Bubble_Shooter\Bubble Shooter\Library\PackageCache\com.unity.collab-proxy@1.15.15\Lib\Editor\PlasticSCM\unityplastic.dll
Native extension for WindowsStandalone target not found
Refreshing native plugins compatible for Editor in 45.27 ms, found 3 plugins.
Preloading 0 native plugins for Editor in 0.00 ms.
Mono: successfully reloaded assembly
- Completed reload, in  2.603 seconds
Domain Reload Profiling:
	ReloadAssembly (2604ms)
		BeginReloadAssembly (103ms)
			ExecutionOrderSort (0ms)
			DisableScriptedObjects (4ms)
			BackupInstance (0ms)
			ReleaseScriptingObjects (0ms)
			CreateAndSetChildDomain (14ms)
		EndReloadAssembly (2456ms)
			LoadAssemblies (1818ms)
			RebuildTransferFunctionScriptingTraits (0ms)
			SetupTypeCache (228ms)
			ReleaseScriptCaches (0ms)
			RebuildScriptCaches (45ms)
			SetupLoadedEditorAssemblies (287ms)
				LogAssemblyErrors (0ms)
				InitializePlatformSupportModulesInManaged (3ms)
				SetLoadedEditorAssemblies (0ms)
				RefreshPlugins (45ms)
				BeforeProcessingInitializeOnLoad (70ms)
				ProcessInitializeOnLoadAttributes (151ms)
				ProcessInitializeOnLoadMethodAttributes (13ms)
				AfterProcessingInitializeOnLoad (6ms)
				EditorAssembliesLoaded (0ms)
			ExecutionOrderSort2 (0ms)
			AwakeInstancesAfterBackupRestoration (5ms)
Platform modules already initialized, skipping
========================================================================
Worker process is ready to serve import requests
Launched and connected shader compiler UnityShaderCompiler.exe after 0.03 seconds
Refreshing native plugins compatible for Editor in 0.55 ms, found 3 plugins.
Preloading 0 native plugins for Editor in 0.00 ms.
Unloading 2797 Unused Serialized files (Serialized files now loaded: 0)
System memory in use before: 113.4 MB.
System memory in use after: 113.4 MB.

Unloading 38 unused Assets to reduce memory usage. Loaded Objects now: 3226.
Total: 2.450900 ms (FindLiveObjects: 0.149100 ms CreateObjectMapping: 0.069500 ms MarkObjects: 2.125800 ms  DeleteObjects: 0.105700 ms)

AssetImportParameters requested are different than current active one (requested -> active):
  custom:framework-win-MediaFoundation: 216162199b28c13a410421893ffa2e32 -> 
  custom:video-decoder-ogg-theora: a1e56fd34408186e4bbccfd4996cb3dc -> 
  custom:container-muxer-webm: aa71ff27fc2769a1b78a27578f13a17b -> 
  custom:container-demuxer-webm: 4f35f7cbe854078d1ac9338744f61a02 -> 
  custom:container-demuxer-ogg: 62fdf1f143b41e24485cea50d1cbac27 -> 
  custom:video-encoder-webm-vp8: eb34c28f22e8b96e1ab97ce403110664 -> 
  custom:video-decoder-webm-vp8: 9c59270c3fd7afecdb556c50c9e8de78 -> 
  custom:audio-decoder-ogg-vorbis: bf7c407c2cedff20999df2af8eb42d56 -> 
  custom:audio-encoder-webm-vorbis: bf7c407c2cedff20999df2af8eb42d56 -> 
========================================================================
Received Import Request.
  path: ProjectSettings/TagManager.asset
  artifactKey: Guid(00000000000000003000000000000000) Importer(815301076,1909f56bfc062723c751e8b465ee728b)
Start importing ProjectSettings/TagManager.asset using Guid(00000000000000003000000000000000) Importer(815301076,1909f56bfc062723c751e8b465ee728b)  -> (artifact id: '95df672b4aaba54310d34c83eef51bb8') in 0.028265 seconds 
========================================================================
Received Import Request.
  Time since last request: 4.264215 seconds.
  path: ProjectSettings/TagManager.asset
  artifactKey: Guid(00000000000000003000000000000000) Importer(815301076,1909f56bfc062723c751e8b465ee728b)
Start importing ProjectSettings/TagManager.asset using Guid(00000000000000003000000000000000) Importer(815301076,1909f56bfc062723c751e8b465ee728b)  -> (artifact id: 'ccb441a137e86ea7401bf6e587a5b9af') in 0.002076 seconds 
========================================================================
Received Import Request.
  Time since last request: 152.653100 seconds.
  path: Assets/UI
  artifactKey: Guid(1b68b5dd7fe2a904d8b361fc1e49ca00) Importer(815301076,1909f56bfc062723c751e8b465ee728b)
Start importing Assets/UI using Guid(1b68b5dd7fe2a904d8b361fc1e49ca00) Importer(815301076,1909f56bfc062723c751e8b465ee728b)  -> (artifact id: 'f37415c613de51eac6a7ae7c8464927c') in 0.004682 seconds 
========================================================================
Received Import Request.
  Time since last request: 4.334726 seconds.
  path: Assets/UI/MainMenu.prefab
  artifactKey: Guid(246da7e161e31294a8ca4c467c8d2a34) Importer(815301076,1909f56bfc062723c751e8b465ee728b)
Start importing Assets/UI/MainMenu.prefab using Guid(246da7e161e31294a8ca4c467c8d2a34) Importer(815301076,1909f56bfc062723c751e8b465ee728b)  -> (artifact id: '5282d31754a1bbaba944f81939229c09') in 0.016459 seconds 
========================================================================
Received Import Request.
  Time since last request: 12.509997 seconds.
  path: Assets/UI/MainUI.prefab
  artifactKey: Guid(a60ba9cfe1c93db47b58891721148b5a) Importer(815301076,1909f56bfc062723c751e8b465ee728b)
Start importing Assets/UI/MainUI.prefab using Guid(a60ba9cfe1c93db47b58891721148b5a) Importer(815301076,1909f56bfc062723c751e8b465ee728b)  -> (artifact id: '66e70bb1ce59b14138c918bd70830a34') in 0.007961 seconds 
========================================================================
Received Import Request.
  Time since last request: 292.777115 seconds.
  path: Assets/UI/MainMenu.prefab
  artifactKey: Guid(246da7e161e31294a8ca4c467c8d2a34) Importer(815301076,1909f56bfc062723c751e8b465ee728b)
Start importing Assets/UI/MainMenu.prefab using Guid(246da7e161e31294a8ca4c467c8d2a34) Importer(815301076,1909f56bfc062723c751e8b465ee728b)  -> (artifact id: 'cb698967040ebc97ac4b126f03f7a601') in 0.049878 seconds 
========================================================================
Received Import Request.
  Time since last request: 7.865677 seconds.
  path: Assets/UI/ScreenPrefabs
  artifactKey: Guid(54661e9fcd1ed7d408be041414b29be5) Importer(815301076,1909f56bfc062723c751e8b465ee728b)
Start importing Assets/UI/ScreenPrefabs using Guid(54661e9fcd1ed7d408be041414b29be5) Importer(815301076,1909f56bfc062723c751e8b465ee728b)  -> (artifact id: '841b84559e067552ffaf62591efe0ff7') in 0.004770 seconds 
========================================================================
Received Import Request.
  Time since last request: 9.429857 seconds.
  path: Assets/UI/Textures
  artifactKey: Guid(1dffbbf59a587564890b25cbdc76e11c) Importer(815301076,1909f56bfc062723c751e8b465ee728b)
Start importing Assets/UI/Textures using Guid(1dffbbf59a587564890b25cbdc76e11c) Importer(815301076,1909f56bfc062723c751e8b465ee728b)  -> (artifact id: '52e3ed25abe2351494998fe2cd783de3') in 0.004478 seconds 
========================================================================
Received Import Request.
  Time since last request: 5.286157 seconds.
  path: Assets/UI/Textures/Background.png
  artifactKey: Guid(9138750a9190b9f4e80c4d4651c20b9b) Importer(815301076,1909f56bfc062723c751e8b465ee728b)
Start importing Assets/UI/Textures/Background.png using Guid(9138750a9190b9f4e80c4d4651c20b9b) Importer(815301076,1909f56bfc062723c751e8b465ee728b)  -> (artifact id: 'ecf33593b8d24759cf059fabbcfe91ed') in 0.063613 seconds 
========================================================================
Received Import Request.
  Time since last request: 50.024510 seconds.
  path: Assets/TextMesh Pro/Resources/Fonts & Materials/LiberationSans SDF.asset
  artifactKey: Guid(8f586378b4e144a9851e7b34d9b748ee) Importer(815301076,1909f56bfc062723c751e8b465ee728b)
Start importing Assets/TextMesh Pro/Resources/Fonts & Materials/LiberationSans SDF.asset using Guid(8f586378b4e144a9851e7b34d9b748ee) Importer(815301076,1909f56bfc062723c751e8b465ee728b)  -> (artifact id: 'f1280cc7be10b532b2897fc8654f95d3') in 0.079633 seconds 
========================================================================
Received Import Request.
  Time since last request: 0.000103 seconds.
  path: Assets/TextMesh Pro/Resources/Fonts & Materials/LiberationSans SDF - Fallback.asset
  artifactKey: Guid(2e498d1c8094910479dc3e1b768306a4) Importer(815301076,1909f56bfc062723c751e8b465ee728b)
Start importing Assets/TextMesh Pro/Resources/Fonts & Materials/LiberationSans SDF - Fallback.asset using Guid(2e498d1c8094910479dc3e1b768306a4) Importer(815301076,1909f56bfc062723c751e8b465ee728b)  -> (artifact id: 'b8c2210586957436df79bf961aeff06e') in 0.015304 seconds 
